\BOOKMARK [1][-]{section.1}{Contexte du stage}{}% 1
\BOOKMARK [2][-]{subsection.1.1}{SimGrid}{section.1}% 2
\BOOKMARK [2][-]{subsection.1.2}{Sujet du stage}{section.1}% 3
\BOOKMARK [3][-]{subsubsection.1.2.1}{EMF/GEF?}{subsection.1.2}% 4
\BOOKMARK [1][-]{section.2}{Travail r\351alis\351}{}% 5
\BOOKMARK [2][-]{subsection.2.1}{D\351couverte des diff\351rents frameworks}{section.2}% 6
\BOOKMARK [3][-]{subsubsection.2.1.1}{Choix du mod\350le}{subsection.2.1}% 7
\BOOKMARK [3][-]{subsubsection.2.1.2}{Utilisation mod\350le MVC de GEF}{subsection.2.1}% 8
\BOOKMARK [2][-]{subsection.2.2}{Cr\351ation du noyau fonctionnel}{section.2}% 9
\BOOKMARK [3][-]{subsubsection.2.2.1}{ModelHelper}{subsection.2.2}% 10
\BOOKMARK [3][-]{subsubsection.2.2.2}{SimgridRules}{subsection.2.2}% 11
\BOOKMARK [3][-]{subsubsection.2.2.3}{ElementList}{subsection.2.2}% 12
\BOOKMARK [2][-]{subsection.2.3}{Gestion de la cr\351ation et \351dition d'\351l\351ments graphiques}{section.2}% 13
\BOOKMARK [3][-]{subsubsection.2.3.1}{Cr\351ation g\351n\351rique des \351l\351ments graphiques}{subsection.2.3}% 14
\BOOKMARK [3][-]{subsubsection.2.3.2}{Gestion de la position}{subsection.2.3}% 15
\BOOKMARK [3][-]{subsubsection.2.3.3}{Assistant de cr\351ation/\351dition d'\351l\351ment}{subsection.2.3}% 16
\BOOKMARK [2][-]{subsection.2.4}{Impl\351mentation des politiques de gestion des commandes}{section.2}% 17
\BOOKMARK [2][-]{subsection.2.5}{Int\351gration dans Eclipse}{section.2}% 18
\BOOKMARK [3][-]{subsubsection.2.5.1}{OSGi}{subsection.2.5}% 19
\BOOKMARK [3][-]{subsubsection.2.5.2}{Cr\351ation d'un aper\347u}{subsection.2.5}% 20
\BOOKMARK [3][-]{subsubsection.2.5.3}{Synchronisation de la s\351lection}{subsection.2.5}% 21
\BOOKMARK [2][-]{subsection.2.6}{Cr\351ation de projet assist\351}{section.2}% 22
\BOOKMARK [3][-]{subsubsection.2.6.1}{Projets Java et C }{subsection.2.6}% 23
\BOOKMARK [2][-]{subsection.2.7}{Documentation}{section.2}% 24
\BOOKMARK [3][-]{subsubsection.2.7.1}{Site utilisateur}{subsection.2.7}% 25
\BOOKMARK [3][-]{subsubsection.2.7.2}{Wiki d\351veloppeur}{subsection.2.7}% 26
\BOOKMARK [2][-]{subsection.2.8}{Site de d\351p\364t}{section.2}% 27
\BOOKMARK [1][-]{section.3}{Bilan et perspectives}{}% 28
\BOOKMARK [2][-]{subsection.3.1}{Prise en main des APIs d'Eclipse}{section.3}% 29
\BOOKMARK [3][-]{subsubsection.3.1.1}{GEF}{subsection.3.1}% 30
\BOOKMARK [3][-]{subsubsection.3.1.2}{Synchronisation de la s\351lection}{subsection.3.1}% 31
\BOOKMARK [2][-]{subsection.3.2}{SWT et les \253 wizards \273}{section.3}% 32
\BOOKMARK [2][-]{subsection.3.3}{Cr\351ation des projets}{section.3}% 33
\BOOKMARK [1][-]{section.4}{Inter\352t et apr\351ciation}{}% 34
\BOOKMARK [2][-]{subsection.4.1}{Une gestion adapt\351e}{section.4}% 35
\BOOKMARK [3][-]{subsubsection.4.1.1}{Projet complet et r\351alisable dans le temps impartit}{subsection.4.1}% 36
\BOOKMARK [2][-]{subsection.4.2}{Environnement de travail}{section.4}% 37
\BOOKMARK [2][-]{subsection.4.3}{Bilan de "SimGrid Eclipse Plug-in"}{section.4}% 38
\BOOKMARK [3][-]{subsubsection.4.3.1}{Une sotie salu\351e par les utilisateur}{subsection.4.3}% 39
\BOOKMARK [3][-]{subsubsection.4.3.2}{Demande de nouvelle fonctionnalit\351s}{subsection.4.3}% 40
\BOOKMARK [1][-]{section.5}{Bilan personnel}{}% 41
\BOOKMARK [2][-]{subsection.5.1}{Perfectionnement en Java}{section.5}% 42
\BOOKMARK [3][-]{subsubsection.5.1.1}{SWT, OSGi, GEF, Graphstream...}{subsection.5.1}% 43
\BOOKMARK [2][-]{subsection.5.2}{Am\351lioration de l'anglais technique}{section.5}% 44
\BOOKMARK [2][-]{subsection.5.3}{D\351couverte du milieu scientifique}{section.5}% 45
\BOOKMARK [3][-]{subsubsection.5.3.1}{SimGrid Users Days}{subsection.5.3}% 46
\BOOKMARK [1][-]{section.6}{Remerciements}{}% 47
\BOOKMARK [1][-]{section.7}{Abstract}{}% 48
\BOOKMARK [1][-]{section.8}{Annexes}{}% 49
